  [1m[35m (1.5ms)[0m  [1m[34mSELECT sqlite_version(*)[0m
  ↳ bin/rails:9
  [1m[35m (4.6ms)[0m  [1m[35mCREATE TABLE "schema_migrations" ("version" varchar NOT NULL PRIMARY KEY)[0m
  ↳ bin/rails:9
  [1m[35m (2.5ms)[0m  [1m[35mCREATE TABLE "ar_internal_metadata" ("key" varchar NOT NULL PRIMARY KEY, "value" varchar, "created_at" datetime NOT NULL, "updated_at" datetime NOT NULL)[0m
  ↳ bin/rails:9
  [1m[35m (0.2ms)[0m  [1m[34mSELECT "schema_migrations"."version" FROM "schema_migrations" ORDER BY "schema_migrations"."version" ASC[0m
  ↳ bin/rails:9
Migrating to CreateUsers (20190819154841)
  [1m[35m (0.1ms)[0m  [1m[36mbegin transaction[0m
  ↳ bin/rails:9
  [1m[35m (0.6ms)[0m  [1m[35mCREATE TABLE "users" ("id" integer PRIMARY KEY AUTOINCREMENT NOT NULL, "name" varchar, "created_at" datetime NOT NULL, "updated_at" datetime NOT NULL)[0m
  ↳ db/migrate/20190819154841_create_users.rb:3
  [1m[36mActiveRecord::SchemaMigration Create (0.2ms)[0m  [1m[32mINSERT INTO "schema_migrations" ("version") VALUES (?)[0m  [["version", "20190819154841"]]
  ↳ bin/rails:9
  [1m[35m (1.6ms)[0m  [1m[36mcommit transaction[0m
  ↳ bin/rails:9
Migrating to CreateScores (20190819162037)
  [1m[35m (0.1ms)[0m  [1m[36mbegin transaction[0m
  ↳ bin/rails:9
  [1m[35m (0.4ms)[0m  [1m[35mCREATE TABLE "scores" ("id" integer PRIMARY KEY AUTOINCREMENT NOT NULL, "user_id" integer, "created_at" datetime NOT NULL, "updated_at" datetime NOT NULL)[0m
  ↳ db/migrate/20190819162037_create_scores.rb:3
  [1m[36mActiveRecord::SchemaMigration Create (0.2ms)[0m  [1m[32mINSERT INTO "schema_migrations" ("version") VALUES (?)[0m  [["version", "20190819162037"]]
  ↳ bin/rails:9
  [1m[35m (1.8ms)[0m  [1m[36mcommit transaction[0m
  ↳ bin/rails:9
  [1m[36mActiveRecord::InternalMetadata Load (0.3ms)[0m  [1m[34mSELECT  "ar_internal_metadata".* FROM "ar_internal_metadata" WHERE "ar_internal_metadata"."key" = ? LIMIT ?[0m  [["key", "environment"], ["LIMIT", 1]]
  ↳ bin/rails:9
  [1m[35m (0.1ms)[0m  [1m[36mbegin transaction[0m
  ↳ bin/rails:9
  [1m[36mActiveRecord::InternalMetadata Create (0.5ms)[0m  [1m[32mINSERT INTO "ar_internal_metadata" ("key", "value", "created_at", "updated_at") VALUES (?, ?, ?, ?)[0m  [["key", "environment"], ["value", "development"], ["created_at", "2019-08-19 17:15:08.735366"], ["updated_at", "2019-08-19 17:15:08.735366"]]
  ↳ bin/rails:9
  [1m[35m (2.1ms)[0m  [1m[36mcommit transaction[0m
  ↳ bin/rails:9
  [1m[35m (0.4ms)[0m  [1m[34mSELECT "schema_migrations"."version" FROM "schema_migrations" ORDER BY "schema_migrations"."version" ASC[0m
  ↳ bin/rails:9
  [1m[35m (0.3ms)[0m  [1m[34mSELECT "schema_migrations"."version" FROM "schema_migrations" ORDER BY "schema_migrations"."version" ASC[0m
  ↳ bin/rails:9
  [1m[36mUser Destroy (3.7ms)[0m  [1m[31mDELETE FROM "users"[0m
  ↳ db/seeds.rb:9
  [1m[36mScore Destroy (2.4ms)[0m  [1m[31mDELETE FROM "scores"[0m
  ↳ db/seeds.rb:10
  [1m[35m (0.1ms)[0m  [1m[36mbegin transaction[0m
  ↳ db/seeds.rb:12
  [1m[36mUser Create (1.6ms)[0m  [1m[32mINSERT INTO "users" ("name", "created_at", "updated_at") VALUES (?, ?, ?)[0m  [["name", "Luke"], ["created_at", "2019-08-19 17:15:17.482770"], ["updated_at", "2019-08-19 17:15:17.482770"]]
  ↳ db/seeds.rb:12
  [1m[35m (2.2ms)[0m  [1m[36mcommit transaction[0m
  ↳ db/seeds.rb:12
  [1m[35m (0.1ms)[0m  [1m[36mbegin transaction[0m
  ↳ db/seeds.rb:13
  [1m[36mUser Create (0.4ms)[0m  [1m[32mINSERT INTO "users" ("name", "created_at", "updated_at") VALUES (?, ?, ?)[0m  [["name", "James"], ["created_at", "2019-08-19 17:15:17.489336"], ["updated_at", "2019-08-19 17:15:17.489336"]]
  ↳ db/seeds.rb:13
  [1m[35m (1.7ms)[0m  [1m[36mcommit transaction[0m
  ↳ db/seeds.rb:13
  [1m[35m (0.1ms)[0m  [1m[36mbegin transaction[0m
  ↳ db/seeds.rb:14
  [1m[36mUser Create (0.5ms)[0m  [1m[32mINSERT INTO "users" ("name", "created_at", "updated_at") VALUES (?, ?, ?)[0m  [["name", "Tk"], ["created_at", "2019-08-19 17:15:17.493839"], ["updated_at", "2019-08-19 17:15:17.493839"]]
  ↳ db/seeds.rb:14
  [1m[35m (2.0ms)[0m  [1m[36mcommit transaction[0m
  ↳ db/seeds.rb:14
  [1m[35m (0.1ms)[0m  [1m[36mbegin transaction[0m
  ↳ db/seeds.rb:17
  [1m[36mUser Load (0.2ms)[0m  [1m[34mSELECT  "users".* FROM "users" WHERE "users"."id" = ? LIMIT ?[0m  [["id", 1], ["LIMIT", 1]]
  ↳ db/seeds.rb:17
  [1m[36mScore Create (0.6ms)[0m  [1m[32mINSERT INTO "scores" ("user_id", "created_at", "updated_at") VALUES (?, ?, ?)[0m  [["user_id", 1], ["created_at", "2019-08-19 17:15:17.531909"], ["updated_at", "2019-08-19 17:15:17.531909"]]
  ↳ db/seeds.rb:17
  [1m[35m (1.9ms)[0m  [1m[36mcommit transaction[0m
  ↳ db/seeds.rb:17
  [1m[35m (0.1ms)[0m  [1m[36mbegin transaction[0m
  ↳ db/seeds.rb:18
  [1m[36mUser Load (0.2ms)[0m  [1m[34mSELECT  "users".* FROM "users" WHERE "users"."id" = ? LIMIT ?[0m  [["id", 2], ["LIMIT", 1]]
  ↳ db/seeds.rb:18
  [1m[36mScore Create (0.3ms)[0m  [1m[32mINSERT INTO "scores" ("user_id", "created_at", "updated_at") VALUES (?, ?, ?)[0m  [["user_id", 2], ["created_at", "2019-08-19 17:15:17.537652"], ["updated_at", "2019-08-19 17:15:17.537652"]]
  ↳ db/seeds.rb:18
  [1m[35m (1.8ms)[0m  [1m[36mcommit transaction[0m
  ↳ db/seeds.rb:18
  [1m[35m (0.1ms)[0m  [1m[36mbegin transaction[0m
  ↳ db/seeds.rb:19
  [1m[36mUser Load (0.1ms)[0m  [1m[34mSELECT  "users".* FROM "users" WHERE "users"."id" = ? LIMIT ?[0m  [["id", 3], ["LIMIT", 1]]
  ↳ db/seeds.rb:19
  [1m[36mScore Create (0.3ms)[0m  [1m[32mINSERT INTO "scores" ("user_id", "created_at", "updated_at") VALUES (?, ?, ?)[0m  [["user_id", 3], ["created_at", "2019-08-19 17:15:17.542783"], ["updated_at", "2019-08-19 17:15:17.542783"]]
  ↳ db/seeds.rb:19
  [1m[35m (1.9ms)[0m  [1m[36mcommit transaction[0m
  ↳ db/seeds.rb:19
Started GET "/" for ::1 at 2019-08-19 12:15:56 -0500
  [1m[35m (1.4ms)[0m  [1m[34mSELECT "schema_migrations"."version" FROM "schema_migrations" ORDER BY "schema_migrations"."version" ASC[0m
  ↳ /Users/flatironschool/.rvm/gems/ruby-2.3.3/gems/activerecord-5.2.3/lib/active_record/log_subscriber.rb:98
Processing by Rails::WelcomeController#index as HTML
  Rendering /Users/flatironschool/.rvm/gems/ruby-2.3.3/gems/railties-5.2.3/lib/rails/templates/rails/welcome/index.html.erb
  Rendered /Users/flatironschool/.rvm/gems/ruby-2.3.3/gems/railties-5.2.3/lib/rails/templates/rails/welcome/index.html.erb (13.6ms)
Completed 200 OK in 39ms (Views: 30.9ms | ActiveRecord: 0.0ms)


Started GET "/api/v1/users" for ::1 at 2019-08-19 12:17:10 -0500
Processing by Api::V1::UsersController#index as HTML
  [1m[36mUser Load (1.8ms)[0m  [1m[34mSELECT  "users".* FROM "users" LIMIT ?[0m  [["LIMIT", 11]]
  ↳ /Users/flatironschool/.rvm/rubies/ruby-2.3.3/lib/ruby/gems/2.3.0/gems/did_you_mean-1.0.0/lib/did_you_mean/core_ext/name_error.rb:10
Completed 500 Internal Server Error in 137ms (ActiveRecord: 0.0ms)


  
  [1m[36mCACHE User Load (0.0ms)[0m  [1m[34mSELECT  "users".* FROM "users" LIMIT ?[0m  [["LIMIT", 11]]
  ↳ /Users/flatironschool/.rvm/rubies/ruby-2.3.3/lib/ruby/gems/2.3.0/gems/did_you_mean-1.0.0/lib/did_you_mean/core_ext/name_error.rb:10
NoMethodError (undefined method `json' for #<Api::V1::UsersController:0x007f946f113450>
Did you mean?  JSON):
  
app/controllers/api/v1/users_controller.rb:4:in `index'
Started GET "/api/v1/users" for ::1 at 2019-08-19 12:17:49 -0500
Processing by Api::V1::UsersController#index as HTML
  [1m[36mUser Load (1.7ms)[0m  [1m[34mSELECT  "users".* FROM "users" LIMIT ?[0m  [["LIMIT", 11]]
  ↳ /Users/flatironschool/.rvm/rubies/ruby-2.3.3/lib/ruby/gems/2.3.0/gems/did_you_mean-1.0.0/lib/did_you_mean/core_ext/name_error.rb:10
  [1m[36mCACHE User Load (0.0ms)[0m  [1m[34mSELECT  "users".* FROM "users" LIMIT ?[0m  [["LIMIT", 11]]
  ↳ /Users/flatironschool/.rvm/rubies/ruby-2.3.3/lib/ruby/gems/2.3.0/gems/did_you_mean-1.0.0/lib/did_you_mean/core_ext/name_error.rb:6
Completed 500 Internal Server Error in 256ms (ActiveRecord: 0.0ms)


  
  [1m[36mCACHE User Load (1.1ms)[0m  [1m[34mSELECT  "users".* FROM "users" LIMIT ?[0m  [["LIMIT", 11]]
  ↳ /Users/flatironschool/.rvm/rubies/ruby-2.3.3/lib/ruby/gems/2.3.0/gems/did_you_mean-1.0.0/lib/did_you_mean/core_ext/name_error.rb:10
NameError (undefined local variable or method `users' for #<Api::V1::UsersController:0x007f946baf12f0>
Did you mean?  @users):
  
app/controllers/api/v1/users_controller.rb:4:in `index'
Started GET "/favicon.ico" for ::1 at 2019-08-19 12:17:50 -0500
  
ActionController::RoutingError (No route matches [GET] "/favicon.ico"):
  
actionpack (5.2.3) lib/action_dispatch/middleware/debug_exceptions.rb:65:in `call'
actionpack (5.2.3) lib/action_dispatch/middleware/show_exceptions.rb:33:in `call'
railties (5.2.3) lib/rails/rack/logger.rb:38:in `call_app'
railties (5.2.3) lib/rails/rack/logger.rb:26:in `block in call'
activesupport (5.2.3) lib/active_support/tagged_logging.rb:71:in `block in tagged'
activesupport (5.2.3) lib/active_support/tagged_logging.rb:28:in `tagged'
activesupport (5.2.3) lib/active_support/tagged_logging.rb:71:in `tagged'
railties (5.2.3) lib/rails/rack/logger.rb:26:in `call'
actionpack (5.2.3) lib/action_dispatch/middleware/remote_ip.rb:81:in `call'
actionpack (5.2.3) lib/action_dispatch/middleware/request_id.rb:27:in `call'
rack (2.0.7) lib/rack/runtime.rb:22:in `call'
activesupport (5.2.3) lib/active_support/cache/strategy/local_cache_middleware.rb:29:in `call'
actionpack (5.2.3) lib/action_dispatch/middleware/executor.rb:14:in `call'
actionpack (5.2.3) lib/action_dispatch/middleware/static.rb:127:in `call'
rack (2.0.7) lib/rack/sendfile.rb:111:in `call'
rack-cors (1.0.2) lib/rack/cors.rb:97:in `call'
railties (5.2.3) lib/rails/engine.rb:524:in `call'
puma (3.12.1) lib/puma/configuration.rb:227:in `call'
puma (3.12.1) lib/puma/server.rb:660:in `handle_request'
puma (3.12.1) lib/puma/server.rb:474:in `process_client'
puma (3.12.1) lib/puma/server.rb:334:in `block in run'
puma (3.12.1) lib/puma/thread_pool.rb:135:in `block in spawn_thread'
Started GET "/api/v1/users" for ::1 at 2019-08-19 12:18:06 -0500
Processing by Api::V1::UsersController#index as HTML
  [1m[36mUser Load (0.2ms)[0m  [1m[34mSELECT  "users".* FROM "users" LIMIT ?[0m  [["LIMIT", 11]]
  ↳ /Users/flatironschool/.rvm/rubies/ruby-2.3.3/lib/ruby/gems/2.3.0/gems/did_you_mean-1.0.0/lib/did_you_mean/core_ext/name_error.rb:10
Completed 500 Internal Server Error in 101ms (ActiveRecord: 0.0ms)


  
  [1m[36mCACHE User Load (0.1ms)[0m  [1m[34mSELECT  "users".* FROM "users" LIMIT ?[0m  [["LIMIT", 11]]
  ↳ /Users/flatironschool/.rvm/rubies/ruby-2.3.3/lib/ruby/gems/2.3.0/gems/did_you_mean-1.0.0/lib/did_you_mean/core_ext/name_error.rb:10
NoMethodError (undefined method `json' for #<Api::V1::UsersController:0x007f946cba5e20>
Did you mean?  JSON):
  
app/controllers/api/v1/users_controller.rb:4:in `index'
Started GET "/api/v1/users" for ::1 at 2019-08-19 12:18:28 -0500
Processing by Api::V1::UsersController#index as HTML
Completed 500 Internal Server Error in 9ms (ActiveRecord: 0.0ms)


  
JSON::GeneratorError (only generation of JSON objects or arrays allowed):
  
app/controllers/api/v1/users_controller.rb:4:in `index'
Started GET "/api/v1/users" for ::1 at 2019-08-19 12:19:12 -0500
  
SyntaxError (/Users/flatironschool/Js Labs/Snake_Game/app/controllers/api/v1/users_controller.rb:4: syntax error, unexpected tLABEL, expecting keyword_do or '{' or '('
        render json: users  include: :scores    
                                    ^):
  
app/controllers/api/v1/users_controller.rb:4: syntax error, unexpected tLABEL, expecting keyword_do or '{' or '('
Started GET "/api/v1/users" for ::1 at 2019-08-19 12:19:22 -0500
  
SyntaxError (/Users/flatironschool/Js Labs/Snake_Game/app/controllers/api/v1/users_controller.rb:4: syntax error, unexpected tIDENTIFIER, expecting keyword_end
        render json: :users  include: :scores    
                                    ^):
  
app/controllers/api/v1/users_controller.rb:4: syntax error, unexpected tIDENTIFIER, expecting keyword_end
Started GET "/api/v1/users" for ::1 at 2019-08-19 12:20:06 -0500
  
SyntaxError (/Users/flatironschool/Js Labs/Snake_Game/app/controllers/api/v1/users_controller.rb:4: syntax error, unexpected tIDENTIFIER, expecting keyword_end
        render json: :users  include: :scores    
                                    ^):
  
app/controllers/api/v1/users_controller.rb:4: syntax error, unexpected tIDENTIFIER, expecting keyword_end
Started GET "/api/v1/users" for ::1 at 2019-08-19 12:25:15 -0500
  
SyntaxError (/Users/flatironschool/Js Labs/Snake_Game/app/controllers/api/v1/users_controller.rb:4: syntax error, unexpected tIDENTIFIER, expecting keyword_end
        render json: :users  include :scores    
                                    ^):
  
app/controllers/api/v1/users_controller.rb:4: syntax error, unexpected tIDENTIFIER, expecting keyword_end
Started GET "/api/v1/users" for ::1 at 2019-08-19 12:25:36 -0500
  
SyntaxError (/Users/flatironschool/Js Labs/Snake_Game/app/controllers/api/v1/users_controller.rb:4: syntax error, unexpected tIDENTIFIER, expecting keyword_end
        render json: :users  include: :scores    
                                    ^):
  
app/controllers/api/v1/users_controller.rb:4: syntax error, unexpected tIDENTIFIER, expecting keyword_end
Started GET "/api/v1/users" for ::1 at 2019-08-19 12:25:49 -0500
  
SyntaxError (/Users/flatironschool/Js Labs/Snake_Game/app/controllers/api/v1/users_controller.rb:4: syntax error, unexpected tIDENTIFIER, expecting keyword_end
        render json: :users  include: :scores    
                                    ^):
  
app/controllers/api/v1/users_controller.rb:4: syntax error, unexpected tIDENTIFIER, expecting keyword_end
Started GET "/api/v1/users" for ::1 at 2019-08-19 12:36:12 -0500
  
SyntaxError (/Users/flatironschool/Js Labs/Snake_Game/app/controllers/api/v1/users_controller.rb:4: syntax error, unexpected tIDENTIFIER, expecting keyword_end
        render json: @users include: :scores    
                                   ^):
  
app/controllers/api/v1/users_controller.rb:4: syntax error, unexpected tIDENTIFIER, expecting keyword_end
Started GET "/api/v1/users" for ::1 at 2019-08-19 12:36:39 -0500
  [1m[35m (1.6ms)[0m  [1m[34mSELECT "schema_migrations"."version" FROM "schema_migrations" ORDER BY "schema_migrations"."version" ASC[0m
  ↳ /Users/flatironschool/.rvm/gems/ruby-2.3.3/gems/activerecord-5.2.3/lib/active_record/log_subscriber.rb:98
  
SyntaxError (/Users/flatironschool/Js Labs/Snake_Game/app/controllers/api/v1/users_controller.rb:4: syntax error, unexpected tIDENTIFIER, expecting keyword_end
        render json: @users include: :scores    
                                   ^):
  
app/controllers/api/v1/users_controller.rb:4: syntax error, unexpected tIDENTIFIER, expecting keyword_end
Started GET "/api/v1/users" for ::1 at 2019-08-19 12:37:23 -0500
Processing by Api::V1::UsersController#index as HTML
  [1m[36mUser Load (1.2ms)[0m  [1m[34mSELECT "users".* FROM "users"[0m
  ↳ app/controllers/api/v1/users_controller.rb:4
  [1m[36mScore Load (1.6ms)[0m  [1m[34mSELECT "scores".* FROM "scores" WHERE "scores"."user_id" = ?[0m  [["user_id", 1]]
  ↳ app/controllers/api/v1/users_controller.rb:4
  [1m[36mScore Load (0.2ms)[0m  [1m[34mSELECT "scores".* FROM "scores" WHERE "scores"."user_id" = ?[0m  [["user_id", 2]]
  ↳ app/controllers/api/v1/users_controller.rb:4
  [1m[36mScore Load (0.1ms)[0m  [1m[34mSELECT "scores".* FROM "scores" WHERE "scores"."user_id" = ?[0m  [["user_id", 3]]
  ↳ app/controllers/api/v1/users_controller.rb:4
Completed 200 OK in 99ms (Views: 81.8ms | ActiveRecord: 6.2ms)


Started GET "/api/v1/scores" for ::1 at 2019-08-19 12:38:01 -0500
  
ActionController::RoutingError (No route matches [GET] "/api/v1/scores"):
  
actionpack (5.2.3) lib/action_dispatch/middleware/debug_exceptions.rb:65:in `call'
actionpack (5.2.3) lib/action_dispatch/middleware/show_exceptions.rb:33:in `call'
railties (5.2.3) lib/rails/rack/logger.rb:38:in `call_app'
railties (5.2.3) lib/rails/rack/logger.rb:26:in `block in call'
activesupport (5.2.3) lib/active_support/tagged_logging.rb:71:in `block in tagged'
activesupport (5.2.3) lib/active_support/tagged_logging.rb:28:in `tagged'
activesupport (5.2.3) lib/active_support/tagged_logging.rb:71:in `tagged'
railties (5.2.3) lib/rails/rack/logger.rb:26:in `call'
actionpack (5.2.3) lib/action_dispatch/middleware/remote_ip.rb:81:in `call'
actionpack (5.2.3) lib/action_dispatch/middleware/request_id.rb:27:in `call'
rack (2.0.7) lib/rack/runtime.rb:22:in `call'
activesupport (5.2.3) lib/active_support/cache/strategy/local_cache_middleware.rb:29:in `call'
actionpack (5.2.3) lib/action_dispatch/middleware/executor.rb:14:in `call'
actionpack (5.2.3) lib/action_dispatch/middleware/static.rb:127:in `call'
rack (2.0.7) lib/rack/sendfile.rb:111:in `call'
rack-cors (1.0.2) lib/rack/cors.rb:97:in `call'
railties (5.2.3) lib/rails/engine.rb:524:in `call'
puma (3.12.1) lib/puma/configuration.rb:227:in `call'
puma (3.12.1) lib/puma/server.rb:660:in `handle_request'
puma (3.12.1) lib/puma/server.rb:474:in `process_client'
puma (3.12.1) lib/puma/server.rb:334:in `block in run'
puma (3.12.1) lib/puma/thread_pool.rb:135:in `block in spawn_thread'
Started GET "/api/v1/users" for ::1 at 2019-08-19 12:38:50 -0500
Processing by Api::V1::UsersController#index as HTML
  [1m[36mUser Load (2.0ms)[0m  [1m[34mSELECT "users".* FROM "users"[0m
  ↳ app/controllers/api/v1/users_controller.rb:4
  [1m[36mScore Load (1.5ms)[0m  [1m[34mSELECT "scores".* FROM "scores" WHERE "scores"."user_id" = ?[0m  [["user_id", 1]]
  ↳ app/controllers/api/v1/users_controller.rb:4
  [1m[36mScore Load (0.2ms)[0m  [1m[34mSELECT "scores".* FROM "scores" WHERE "scores"."user_id" = ?[0m  [["user_id", 2]]
  ↳ app/controllers/api/v1/users_controller.rb:4
  [1m[36mScore Load (0.2ms)[0m  [1m[34mSELECT "scores".* FROM "scores" WHERE "scores"."user_id" = ?[0m  [["user_id", 3]]
  ↳ app/controllers/api/v1/users_controller.rb:4
Completed 200 OK in 67ms (Views: 48.8ms | ActiveRecord: 8.4ms)


Started GET "/api/v1/users" for ::1 at 2019-08-19 12:40:33 -0500
Processing by Api::V1::UsersController#index as HTML
  [1m[36mUser Load (1.6ms)[0m  [1m[34mSELECT "users".* FROM "users"[0m
  ↳ app/controllers/api/v1/users_controller.rb:4
  [1m[36mScore Load (1.5ms)[0m  [1m[34mSELECT "scores".* FROM "scores" WHERE "scores"."user_id" = ?[0m  [["user_id", 1]]
  ↳ app/controllers/api/v1/users_controller.rb:4
  [1m[36mScore Load (0.2ms)[0m  [1m[34mSELECT "scores".* FROM "scores" WHERE "scores"."user_id" = ?[0m  [["user_id", 2]]
  ↳ app/controllers/api/v1/users_controller.rb:4
  [1m[36mScore Load (0.2ms)[0m  [1m[34mSELECT "scores".* FROM "scores" WHERE "scores"."user_id" = ?[0m  [["user_id", 3]]
  ↳ app/controllers/api/v1/users_controller.rb:4
Completed 200 OK in 56ms (Views: 39.1ms | ActiveRecord: 5.1ms)


Started GET "/api/v1/users" for ::1 at 2019-08-19 12:41:07 -0500
Processing by Api::V1::UsersController#index as HTML
  [1m[36mUser Load (0.1ms)[0m  [1m[34mSELECT "users".* FROM "users"[0m
  ↳ app/controllers/api/v1/users_controller.rb:4
  [1m[36mScore Load (0.1ms)[0m  [1m[34mSELECT "scores".* FROM "scores" WHERE "scores"."user_id" = ?[0m  [["user_id", 1]]
  ↳ app/controllers/api/v1/users_controller.rb:4
  [1m[36mScore Load (0.1ms)[0m  [1m[34mSELECT "scores".* FROM "scores" WHERE "scores"."user_id" = ?[0m  [["user_id", 2]]
  ↳ app/controllers/api/v1/users_controller.rb:4
  [1m[36mScore Load (0.2ms)[0m  [1m[34mSELECT "scores".* FROM "scores" WHERE "scores"."user_id" = ?[0m  [["user_id", 3]]
  ↳ app/controllers/api/v1/users_controller.rb:4
Completed 200 OK in 7ms (Views: 6.4ms | ActiveRecord: 0.6ms)


Started GET "/api/v1/users" for ::1 at 2019-08-19 12:41:51 -0500
Processing by Api::V1::UsersController#index as */*
  [1m[36mUser Load (0.2ms)[0m  [1m[34mSELECT "users".* FROM "users"[0m
  ↳ app/controllers/api/v1/users_controller.rb:4
  [1m[36mScore Load (0.1ms)[0m  [1m[34mSELECT "scores".* FROM "scores" WHERE "scores"."user_id" = ?[0m  [["user_id", 1]]
  ↳ app/controllers/api/v1/users_controller.rb:4
  [1m[36mScore Load (0.2ms)[0m  [1m[34mSELECT "scores".* FROM "scores" WHERE "scores"."user_id" = ?[0m  [["user_id", 2]]
  ↳ app/controllers/api/v1/users_controller.rb:4
  [1m[36mScore Load (0.2ms)[0m  [1m[34mSELECT "scores".* FROM "scores" WHERE "scores"."user_id" = ?[0m  [["user_id", 3]]
  ↳ app/controllers/api/v1/users_controller.rb:4
Completed 200 OK in 14ms (Views: 13.0ms | ActiveRecord: 0.7ms)


Started GET "/api/v1/users" for ::1 at 2019-08-19 12:42:16 -0500
Processing by Api::V1::UsersController#index as HTML
  [1m[36mUser Load (0.3ms)[0m  [1m[34mSELECT "users".* FROM "users"[0m
  ↳ app/controllers/api/v1/users_controller.rb:4
  [1m[36mScore Load (0.1ms)[0m  [1m[34mSELECT "scores".* FROM "scores" WHERE "scores"."user_id" = ?[0m  [["user_id", 1]]
  ↳ app/controllers/api/v1/users_controller.rb:4
  [1m[36mScore Load (0.3ms)[0m  [1m[34mSELECT "scores".* FROM "scores" WHERE "scores"."user_id" = ?[0m  [["user_id", 2]]
  ↳ app/controllers/api/v1/users_controller.rb:4
  [1m[36mScore Load (0.2ms)[0m  [1m[34mSELECT "scores".* FROM "scores" WHERE "scores"."user_id" = ?[0m  [["user_id", 3]]
  ↳ app/controllers/api/v1/users_controller.rb:4
Completed 200 OK in 11ms (Views: 10.1ms | ActiveRecord: 1.0ms)


Started GET "/api/v1/users" for ::1 at 2019-08-19 12:42:47 -0500
Processing by Api::V1::UsersController#index as */*
  [1m[36mUser Load (0.3ms)[0m  [1m[34mSELECT "users".* FROM "users"[0m
  ↳ app/controllers/api/v1/users_controller.rb:4
  [1m[36mScore Load (0.6ms)[0m  [1m[34mSELECT "scores".* FROM "scores" WHERE "scores"."user_id" = ?[0m  [["user_id", 1]]
  ↳ app/controllers/api/v1/users_controller.rb:4
  [1m[36mScore Load (0.1ms)[0m  [1m[34mSELECT "scores".* FROM "scores" WHERE "scores"."user_id" = ?[0m  [["user_id", 2]]
  ↳ app/controllers/api/v1/users_controller.rb:4
  [1m[36mScore Load (0.1ms)[0m  [1m[34mSELECT "scores".* FROM "scores" WHERE "scores"."user_id" = ?[0m  [["user_id", 3]]
  ↳ app/controllers/api/v1/users_controller.rb:4
Completed 200 OK in 10ms (Views: 8.5ms | ActiveRecord: 1.2ms)


  [1m[36mUser Load (4.4ms)[0m  [1m[34mSELECT  "users".* FROM "users" LIMIT ?[0m  [["LIMIT", 11]]
  [1m[36mUser Load (0.4ms)[0m  [1m[34mSELECT  "users".* FROM "users" ORDER BY "users"."id" ASC LIMIT ?[0m  [["LIMIT", 1]]
